This file contains any messages produced by compilers while
running configure, to aid debugging if configure makes a mistake.

It was created by configure, which was
generated by GNU Autoconf 2.52.  Invocation command line was

  $ ./configure 

## ---------- ##
## Platform.  ##
## ---------- ##

hostname = josiah-desktop.pci.local
uname -m = i686
uname -r = 2.6.23.9-85.fc8
uname -s = Linux
uname -v = #1 SMP Fri Dec 7 15:49:59 EST 2007

/usr/bin/uname -p = unknown
/bin/uname -X     = unknown

/bin/arch              = i686
/usr/bin/arch -k       = unknown
/usr/convex/getsysinfo = unknown
hostinfo               = unknown
/bin/machine           = unknown
/usr/bin/oslevel       = unknown
/bin/universe          = unknown

PATH = /opt/qtsdk/qt/bin:/usr/kerberos/sbin:/usr/lib/qt-3.3/bin:/usr/kerberos/bin:/usr/lib/ccache:/usr/local/sbin:/usr/sbin:/sbin:/usr/local/bin:/usr/bin:/bin:/usr/X11R6/bin:/home/josiah/bin:/opt/qtsdk/qt/bin

## ------------ ##
## Core tests.  ##
## ------------ ##

configure:970: PATH=".;."; conftest.sh
./configure: line 971: conftest.sh: command not found
configure:973: $? = 127
configure:1021: checking for a BSD compatible install
configure:1070: result: /usr/bin/install -c
configure:1081: checking whether build environment is sane
configure:1124: result: yes
configure:1157: checking for mawk
configure:1183: result: no
configure:1157: checking for gawk
configure:1172: found /usr/bin/gawk
configure:1180: result: gawk
configure:1190: checking whether make sets ${MAKE}
configure:1210: result: yes
configure:1299: checking whether to enable maintainer-specific portions of Makefiles
configure:1308: result: no
configure:1363: checking for gcc
configure:1378: found /usr/lib/ccache/gcc
configure:1386: result: gcc
configure:1614: checking for C compiler version
configure:1617: gcc --version </dev/null >&5
gcc (GCC) 4.1.2 20070925 (Red Hat 4.1.2-33)
Copyright (C) 2006 Free Software Foundation, Inc.
This is free software; see the source for copying conditions.  There is NO
warranty; not even for MERCHANTABILITY or FITNESS FOR A PARTICULAR PURPOSE.

configure:1620: $? = 0
configure:1622: gcc -v </dev/null >&5
Using built-in specs.
Target: i386-redhat-linux
Configured with: ../configure --prefix=/usr --mandir=/usr/share/man --infodir=/usr/share/info --enable-shared --enable-threads=posix --enable-checking=release --with-system-zlib --enable-__cxa_atexit --disable-libunwind-exceptions --enable-languages=c,c++,objc,obj-c++,java,fortran,ada --enable-java-awt=gtk --disable-dssi --enable-plugin --with-java-home=/usr/lib/jvm/java-1.5.0-gcj-1.5.0.0/jre --enable-libgcj-multifile --enable-java-maintainer-mode --with-ecj-jar=/usr/share/java/eclipse-ecj.jar --with-cpu=generic --host=i386-redhat-linux
Thread model: posix
gcc version 4.1.2 20070925 (Red Hat 4.1.2-33)
configure:1625: $? = 0
configure:1627: gcc -V </dev/null >&5
gcc: '-V' option must have argument
configure:1630: $? = 1
configure:1650: checking for C compiler default output
configure:1653: gcc    conftest.c  >&5
configure:1656: $? = 0
configure:1685: result: a.out
configure:1690: checking whether the C compiler works
configure:1696: ./a.out
configure:1699: $? = 0
configure:1714: result: yes
configure:1721: checking whether we are cross compiling
configure:1723: result: no
configure:1726: checking for executable suffix
configure:1728: gcc -o conftest    conftest.c  >&5
configure:1731: $? = 0
configure:1753: result: 
configure:1759: checking for object suffix
configure:1777: gcc -c   conftest.c >&5
configure:1780: $? = 0
configure:1799: result: o
configure:1803: checking whether we are using the GNU C compiler
configure:1824: gcc -c   conftest.c >&5
configure:1827: $? = 0
configure:1830: test -s conftest.o
configure:1833: $? = 0
configure:1845: result: yes
configure:1851: checking whether gcc accepts -g
configure:1869: gcc -c -g  conftest.c >&5
configure:1872: $? = 0
configure:1875: test -s conftest.o
configure:1878: $? = 0
configure:1888: result: yes
configure:1915: gcc -c -g -O2  conftest.c >&5
conftest.c:2: error: expected '=', ',', ';', 'asm' or '__attribute__' before 'me'
configure:1918: $? = 1
configure: failed program was:
#ifndef __cplusplus
  choke me
#endif
configure:2024: checking for style of include used by make
configure:2051: result: GNU
configure:2057: checking dependency style of gcc
configure:2119: result: gcc3
configure:2123: checking whether make sets ${MAKE}
configure:2143: result: yes
configure:2164: checking for a BSD compatible install
configure:2213: result: /usr/bin/install -c
configure:2229: checking how to run the C preprocessor
configure:2255: gcc -E  conftest.c
configure:2261: $? = 0
configure:2288: gcc -E  conftest.c
configure:2285:28: error: ac_nonexistent.h: No such file or directory
configure:2294: $? = 1
configure: failed program was:
#line 2284 "configure"
#include "confdefs.h"
#include <ac_nonexistent.h>
configure:2331: result: gcc -E
configure:2346: gcc -E  conftest.c
configure:2352: $? = 0
configure:2379: gcc -E  conftest.c
configure:2376:28: error: ac_nonexistent.h: No such file or directory
configure:2385: $? = 1
configure: failed program was:
#line 2375 "configure"
#include "confdefs.h"
#include <ac_nonexistent.h>
configure:2424: checking for ANSI C header files
configure:2438: gcc -E  conftest.c
configure:2444: $? = 0
configure:2531: gcc -o conftest -g -O2   conftest.c  >&5
configure: In function 'main':
configure:2523: warning: incompatible implicit declaration of built-in function 'exit'
configure:2534: $? = 0
configure:2536: ./conftest
configure:2539: $? = 0
configure:2552: result: yes
configure:2565: checking for fcntl.h
configure:2575: gcc -E  conftest.c
configure:2581: $? = 0
configure:2600: result: yes
configure:2565: checking for unistd.h
configure:2575: gcc -E  conftest.c
configure:2581: $? = 0
configure:2600: result: yes
configure:2610: checking for gcc option to accept ANSI C
configure:2667: gcc  -c -g -O2  conftest.c >&5
configure:2670: $? = 0
configure:2673: test -s conftest.o
configure:2676: $? = 0
configure:2693: result: none needed
configure:2701: checking for an ANSI C-conforming const
configure:2765: gcc -c -g -O2  conftest.c >&5
configure:2768: $? = 0
configure:2771: test -s conftest.o
configure:2774: $? = 0
configure:2784: result: yes
configure:2794: checking whether byte ordering is bigendian
configure:2819: gcc -c -g -O2  conftest.c >&5
configure:2822: $? = 0
configure:2825: test -s conftest.o
configure:2828: $? = 0
configure:2849: gcc -c -g -O2  conftest.c >&5
configure: In function 'main':
configure:2840: error: 'not' undeclared (first use in this function)
configure:2840: error: (Each undeclared identifier is reported only once
configure:2840: error: for each function it appears in.)
configure:2840: error: expected ';' before 'big'
configure:2852: $? = 1
configure: failed program was:
#line 2832 "configure"
#include "confdefs.h"
#include <sys/types.h>
#include <sys/param.h>

int
main ()
{
#if BYTE_ORDER != BIG_ENDIAN
 not big endian
#endif

  ;
  return 0;
}
configure:2916: result: no
configure:2926: checking whether struct tm is in sys/time.h or time.h
configure:2946: gcc -c -g -O2  conftest.c >&5
configure:2949: $? = 0
configure:2952: test -s conftest.o
configure:2955: $? = 0
configure:2965: result: time.h
configure:2982: checking build system type
configure:3000: result: i686-pc-linux-gnu
configure:3010: checking host system type
configure:3024: result: i686-pc-linux-gnu
configure:3072: checking for ranlib
configure:3087: found /usr/bin/ranlib
configure:3096: result: ranlib
configure:3108: checking for strerror in -lcposix
configure:3135: gcc -o conftest -g -O2   conftest.c -lcposix   >&5
/usr/bin/ld: cannot find -lcposix
collect2: ld returned 1 exit status
configure:3138: $? = 1
configure: failed program was:
#line 3116 "configure"
#include "confdefs.h"

/* Override any gcc2 internal prototype to avoid an error.  */
#ifdef __cplusplus
extern "C"
#endif
/* We use char because int might match the return type of a gcc2
   builtin and then its argument prototype would still apply.  */
char strerror ();
int
main ()
{
strerror ();
  ;
  return 0;
}
configure:3155: result: no
configure:3161: checking for inline
configure:3178: gcc -c -g -O2  conftest.c >&5
configure:3181: $? = 0
configure:3184: test -s conftest.o
configure:3187: $? = 0
configure:3198: result: inline
configure:3219: checking for sys/types.h
configure:3231: gcc -c -g -O2  conftest.c >&5
configure:3234: $? = 0
configure:3237: test -s conftest.o
configure:3240: $? = 0
configure:3250: result: yes
configure:3219: checking for sys/stat.h
configure:3231: gcc -c -g -O2  conftest.c >&5
configure:3234: $? = 0
configure:3237: test -s conftest.o
configure:3240: $? = 0
configure:3250: result: yes
configure:3219: checking for stdlib.h
configure:3231: gcc -c -g -O2  conftest.c >&5
configure:3234: $? = 0
configure:3237: test -s conftest.o
configure:3240: $? = 0
configure:3250: result: yes
configure:3219: checking for string.h
configure:3231: gcc -c -g -O2  conftest.c >&5
configure:3234: $? = 0
configure:3237: test -s conftest.o
configure:3240: $? = 0
configure:3250: result: yes
configure:3219: checking for memory.h
configure:3231: gcc -c -g -O2  conftest.c >&5
configure:3234: $? = 0
configure:3237: test -s conftest.o
configure:3240: $? = 0
configure:3250: result: yes
configure:3219: checking for strings.h
configure:3231: gcc -c -g -O2  conftest.c >&5
configure:3234: $? = 0
configure:3237: test -s conftest.o
configure:3240: $? = 0
configure:3250: result: yes
configure:3219: checking for inttypes.h
configure:3231: gcc -c -g -O2  conftest.c >&5
configure:3234: $? = 0
configure:3237: test -s conftest.o
configure:3240: $? = 0
configure:3250: result: yes
configure:3219: checking for stdint.h
configure:3231: gcc -c -g -O2  conftest.c >&5
configure:3234: $? = 0
configure:3237: test -s conftest.o
configure:3240: $? = 0
configure:3250: result: yes
configure:3219: checking for unistd.h
configure:3250: result: yes
configure:3260: checking for off_t
configure:3281: gcc -c -g -O2  conftest.c >&5
configure:3284: $? = 0
configure:3287: test -s conftest.o
configure:3290: $? = 0
configure:3300: result: yes
configure:3312: checking for size_t
configure:3333: gcc -c -g -O2  conftest.c >&5
configure:3336: $? = 0
configure:3339: test -s conftest.o
configure:3342: $? = 0
configure:3352: result: yes
configure:3366: checking for working alloca.h
configure:3384: gcc -o conftest -g -O2   conftest.c  >&5
configure:3387: $? = 0
configure:3390: test -s conftest
configure:3393: $? = 0
configure:3403: result: yes
configure:3413: checking for alloca
configure:3451: gcc -o conftest -g -O2   conftest.c  >&5
configure:3454: $? = 0
configure:3457: test -s conftest
configure:3460: $? = 0
configure:3470: result: yes
configure:3654: checking for stdlib.h
configure:3689: result: yes
configure:3654: checking for unistd.h
configure:3689: result: yes
configure:3702: checking for getpagesize
configure:3739: gcc -o conftest -g -O2   conftest.c  >&5
configure:3742: $? = 0
configure:3745: test -s conftest
configure:3748: $? = 0
configure:3758: result: yes
configure:3768: checking for working mmap
configure:3904: gcc -o conftest -g -O2   conftest.c  >&5
configure:3907: $? = 0
configure:3909: ./conftest
configure:3912: $? = 0
configure:3924: result: yes
configure:3935: checking whether we are using the GNU C Library 2.1 or newer
configure:3961: result: yes
configure:3970: checking for argz.h
configure:3980: gcc -E  conftest.c
configure:3986: $? = 0
configure:4005: result: yes
configure:3970: checking for limits.h
configure:3980: gcc -E  conftest.c
configure:3986: $? = 0
configure:4005: result: yes
configure:3970: checking for locale.h
configure:3980: gcc -E  conftest.c
configure:3986: $? = 0
configure:4005: result: yes
configure:3970: checking for nl_types.h
configure:3980: gcc -E  conftest.c
configure:3986: $? = 0
configure:4005: result: yes
configure:3970: checking for malloc.h
configure:3980: gcc -E  conftest.c
configure:3986: $? = 0
configure:4005: result: yes
configure:3970: checking for stddef.h
configure:3980: gcc -E  conftest.c
configure:3986: $? = 0
configure:4005: result: yes
configure:3970: checking for stdlib.h
configure:4005: result: yes
configure:3970: checking for string.h
configure:4005: result: yes
configure:3970: checking for unistd.h
configure:4005: result: yes
configure:3970: checking for sys/param.h
configure:3980: gcc -E  conftest.c
configure:3986: $? = 0
configure:4005: result: yes
configure:4020: checking for feof_unlocked
configure:4057: gcc -o conftest -g -O2   conftest.c  >&5
configure:4060: $? = 0
configure:4063: test -s conftest
configure:4066: $? = 0
configure:4076: result: yes
configure:4020: checking for fgets_unlocked
configure:4057: gcc -o conftest -g -O2   conftest.c  >&5
configure:4060: $? = 0
configure:4063: test -s conftest
configure:4066: $? = 0
configure:4076: result: yes
configure:4020: checking for getcwd
configure:4057: gcc -o conftest -g -O2   conftest.c  >&5
configure:4060: $? = 0
configure:4063: test -s conftest
configure:4066: $? = 0
configure:4076: result: yes
configure:4020: checking for getegid
configure:4057: gcc -o conftest -g -O2   conftest.c  >&5
configure:4060: $? = 0
configure:4063: test -s conftest
configure:4066: $? = 0
configure:4076: result: yes
configure:4020: checking for geteuid
configure:4057: gcc -o conftest -g -O2   conftest.c  >&5
configure:4060: $? = 0
configure:4063: test -s conftest
configure:4066: $? = 0
configure:4076: result: yes
configure:4020: checking for getgid
configure:4057: gcc -o conftest -g -O2   conftest.c  >&5
configure:4060: $? = 0
configure:4063: test -s conftest
configure:4066: $? = 0
configure:4076: result: yes
configure:4020: checking for getuid
configure:4057: gcc -o conftest -g -O2   conftest.c  >&5
configure:4060: $? = 0
configure:4063: test -s conftest
configure:4066: $? = 0
configure:4076: result: yes
configure:4020: checking for mempcpy
configure:4057: gcc -o conftest -g -O2   conftest.c  >&5
configure:4036: warning: conflicting types for built-in function 'mempcpy'
configure:4060: $? = 0
configure:4063: test -s conftest
configure:4066: $? = 0
configure:4076: result: yes
configure:4020: checking for munmap
configure:4057: gcc -o conftest -g -O2   conftest.c  >&5
configure:4060: $? = 0
configure:4063: test -s conftest
configure:4066: $? = 0
configure:4076: result: yes
configure:4020: checking for putenv
configure:4057: gcc -o conftest -g -O2   conftest.c  >&5
configure:4060: $? = 0
configure:4063: test -s conftest
configure:4066: $? = 0
configure:4076: result: yes
configure:4020: checking for setenv
configure:4057: gcc -o conftest -g -O2   conftest.c  >&5
configure:4060: $? = 0
configure:4063: test -s conftest
configure:4066: $? = 0
configure:4076: result: yes
configure:4020: checking for setlocale
configure:4057: gcc -o conftest -g -O2   conftest.c  >&5
configure:4060: $? = 0
configure:4063: test -s conftest
configure:4066: $? = 0
configure:4076: result: yes
configure:4020: checking for stpcpy
configure:4057: gcc -o conftest -g -O2   conftest.c  >&5
configure:4036: warning: conflicting types for built-in function 'stpcpy'
configure:4060: $? = 0
configure:4063: test -s conftest
configure:4066: $? = 0
configure:4076: result: yes
configure:4020: checking for strchr
configure:4057: gcc -o conftest -g -O2   conftest.c  >&5
configure:4036: warning: conflicting types for built-in function 'strchr'
configure:4060: $? = 0
configure:4063: test -s conftest
configure:4066: $? = 0
configure:4076: result: yes
configure:4020: checking for strcasecmp
configure:4057: gcc -o conftest -g -O2   conftest.c  >&5
configure:4036: warning: conflicting types for built-in function 'strcasecmp'
configure:4060: $? = 0
configure:4063: test -s conftest
configure:4066: $? = 0
configure:4076: result: yes
configure:4020: checking for strdup
configure:4057: gcc -o conftest -g -O2   conftest.c  >&5
configure:4036: warning: conflicting types for built-in function 'strdup'
configure:4060: $? = 0
configure:4063: test -s conftest
configure:4066: $? = 0
configure:4076: result: yes
configure:4020: checking for strtoul
configure:4057: gcc -o conftest -g -O2   conftest.c  >&5
configure:4060: $? = 0
configure:4063: test -s conftest
configure:4066: $? = 0
configure:4076: result: yes
configure:4020: checking for tsearch
configure:4057: gcc -o conftest -g -O2   conftest.c  >&5
configure:4060: $? = 0
configure:4063: test -s conftest
configure:4066: $? = 0
configure:4076: result: yes
configure:4020: checking for __argz_count
configure:4057: gcc -o conftest -g -O2   conftest.c  >&5
configure:4060: $? = 0
configure:4063: test -s conftest
configure:4066: $? = 0
configure:4076: result: yes
configure:4020: checking for __argz_stringify
configure:4057: gcc -o conftest -g -O2   conftest.c  >&5
configure:4060: $? = 0
configure:4063: test -s conftest
configure:4066: $? = 0
configure:4076: result: yes
configure:4020: checking for __argz_next
configure:4057: gcc -o conftest -g -O2   conftest.c  >&5
configure:4060: $? = 0
configure:4063: test -s conftest
configure:4066: $? = 0
configure:4076: result: yes
configure:4097: checking for iconv
configure:4121: gcc -o conftest -g -O2   conftest.c  >&5
configure:4124: $? = 0
configure:4127: test -s conftest
configure:4130: $? = 0
configure:4179: result: yes
configure:4187: checking for iconv declaration
configure:4218: gcc -c -g -O2  conftest.c >&5
configure:4221: $? = 0
configure:4224: test -s conftest.o
configure:4227: $? = 0
configure:4240: result: 
         extern size_t iconv (iconv_t cd, char * *inbuf, size_t *inbytesleft, char * *outbuf, size_t *outbytesleft);
configure:4255: checking for nl_langinfo and CODESET
configure:4273: gcc -o conftest -g -O2   conftest.c  >&5
configure:4276: $? = 0
configure:4279: test -s conftest
configure:4282: $? = 0
configure:4293: result: yes
configure:4304: checking for LC_MESSAGES
configure:4322: gcc -o conftest -g -O2   conftest.c  >&5
configure:4325: $? = 0
configure:4328: test -s conftest
configure:4331: $? = 0
configure:4341: result: yes
configure:4351: checking whether NLS is requested
configure:4360: result: yes
configure:4373: checking whether included gettext is requested
configure:4383: result: no
configure:4390: checking for libintl.h
configure:4400: gcc -E  conftest.c
configure:4406: $? = 0
configure:4425: result: yes
configure:4428: checking for GNU gettext in libc
configure:4448: gcc -o conftest -g -O2   conftest.c  >&5
configure:4451: $? = 0
configure:4454: test -s conftest
configure:4457: $? = 0
configure:4467: result: yes
configure:4535: checking for dcgettext
configure:4572: gcc -o conftest -g -O2   conftest.c   >&5
configure:4551: warning: conflicting types for built-in function 'dcgettext'
configure:4575: $? = 0
configure:4578: test -s conftest
configure:4581: $? = 0
configure:4591: result: yes
configure:4605: checking for msgfmt
configure:4632: result: /usr/bin/msgfmt
configure:4641: checking for gmsgfmt
configure:4670: result: /usr/bin/msgfmt
configure:4679: checking for xgettext
configure:4706: result: /usr/bin/xgettext
configure:4874: checking for bison
configure:4889: found /usr/bin/bison
configure:4897: result: bison
configure:4910: checking version of bison
configure:4919: result: 2.3, ok
configure:4944: checking for catalogs to be installed
configure:4964: result:  de
configure:5009: checking for getopt.h
configure:5019: gcc -E  conftest.c
configure:5025: $? = 0
configure:5044: result: yes
configure:5053: checking for getopt_long in -lc
configure:5080: gcc -o conftest -g -O2   conftest.c -lc   >&5
configure:5083: $? = 0
configure:5086: test -s conftest
configure:5089: $? = 0
configure:5100: result: yes
configure:5203: creating ./config.status

## ----------------------- ##
## Running config.status.  ##
## ----------------------- ##

This file was extended by config.status 2.52, executed with
  CONFIG_FILES    = 
  CONFIG_HEADERS  = 
  CONFIG_LINKS    = 
  CONFIG_COMMANDS = 
  > ./config.status 
on josiah-desktop.pci.local

config.status:5714: creating src/Makefile
config.status:5714: creating doc/Makefile
config.status:5714: creating po/Makefile.in
config.status:5714: creating Makefile
config.status:5714: creating pxtools.spec
config.status:5806: creating config.h

## ----------------- ##
## Cache variables.  ##
## ----------------- ##

ac_cv_build=i686-pc-linux-gnu
ac_cv_build_alias=i686-pc-linux-gnu
ac_cv_c_bigendian=no
ac_cv_c_compiler_gnu=yes
ac_cv_c_const=yes
ac_cv_c_inline=inline
ac_cv_env_CC_set=
ac_cv_env_CC_value=
ac_cv_env_CFLAGS_set=
ac_cv_env_CFLAGS_value=
ac_cv_env_CPPFLAGS_set=
ac_cv_env_CPPFLAGS_value=
ac_cv_env_CPP_set=
ac_cv_env_CPP_value=
ac_cv_env_LDFLAGS_set=
ac_cv_env_LDFLAGS_value=
ac_cv_env_build_alias_set=
ac_cv_env_build_alias_value=
ac_cv_env_host_alias_set=
ac_cv_env_host_alias_value=
ac_cv_env_target_alias_set=
ac_cv_env_target_alias_value=
ac_cv_func___argz_count=yes
ac_cv_func___argz_next=yes
ac_cv_func___argz_stringify=yes
ac_cv_func_alloca_works=yes
ac_cv_func_dcgettext=yes
ac_cv_func_feof_unlocked=yes
ac_cv_func_fgets_unlocked=yes
ac_cv_func_getcwd=yes
ac_cv_func_getegid=yes
ac_cv_func_geteuid=yes
ac_cv_func_getgid=yes
ac_cv_func_getpagesize=yes
ac_cv_func_getuid=yes
ac_cv_func_mempcpy=yes
ac_cv_func_mmap_fixed_mapped=yes
ac_cv_func_munmap=yes
ac_cv_func_putenv=yes
ac_cv_func_setenv=yes
ac_cv_func_setlocale=yes
ac_cv_func_stpcpy=yes
ac_cv_func_strcasecmp=yes
ac_cv_func_strchr=yes
ac_cv_func_strdup=yes
ac_cv_func_strtoul=yes
ac_cv_func_tsearch=yes
ac_cv_gnu_library_2_1=yes
ac_cv_header_argz_h=yes
ac_cv_header_fcntl_h=yes
ac_cv_header_getopt_h=yes
ac_cv_header_inttypes_h=yes
ac_cv_header_libintl_h=yes
ac_cv_header_limits_h=yes
ac_cv_header_locale_h=yes
ac_cv_header_malloc_h=yes
ac_cv_header_memory_h=yes
ac_cv_header_nl_types_h=yes
ac_cv_header_stdc=yes
ac_cv_header_stddef_h=yes
ac_cv_header_stdint_h=yes
ac_cv_header_stdlib_h=yes
ac_cv_header_string_h=yes
ac_cv_header_strings_h=yes
ac_cv_header_sys_param_h=yes
ac_cv_header_sys_stat_h=yes
ac_cv_header_sys_types_h=yes
ac_cv_header_unistd_h=yes
ac_cv_host=i686-pc-linux-gnu
ac_cv_host_alias=i686-pc-linux-gnu
ac_cv_lib_c_getopt_long=yes
ac_cv_lib_cposix_strerror=no
ac_cv_objext=o
ac_cv_path_GMSGFMT=/usr/bin/msgfmt
ac_cv_path_MSGFMT=/usr/bin/msgfmt
ac_cv_path_XGETTEXT=/usr/bin/xgettext
ac_cv_path_install='/usr/bin/install -c'
ac_cv_prog_AWK=gawk
ac_cv_prog_CPP='gcc -E'
ac_cv_prog_INTLBISON=bison
ac_cv_prog_ac_ct_CC=gcc
ac_cv_prog_ac_ct_RANLIB=ranlib
ac_cv_prog_cc_g=yes
ac_cv_prog_cc_stdc=
ac_cv_prog_make_make_set=yes
ac_cv_struct_tm=time.h
ac_cv_type_off_t=yes
ac_cv_type_size_t=yes
ac_cv_working_alloca_h=yes
am_cv_CC_dependencies_compiler_type=gcc3
am_cv_func_iconv=yes
am_cv_langinfo_codeset=yes
am_cv_lib_iconv=no
am_cv_proto_iconv='extern size_t iconv (iconv_t cd, char * *inbuf, size_t *inbytesleft, char * *outbuf, size_t *outbytesleft);'
am_cv_proto_iconv_arg1=
am_cv_val_LC_MESSAGES=yes
gt_cv_func_gnugettext1_libc=yes
nls_cv_force_use_gnu_gettext=no
nls_cv_header_intl=
nls_cv_header_libgt=
nls_cv_use_gnu_gettext=no

## ------------ ##
## confdefs.h.  ##
## ------------ ##

#define PACKAGE "pxtools"
#define VERSION "0.0.20"
#define STDC_HEADERS 1
#define HAVE_FCNTL_H 1
#define HAVE_UNISTD_H 1
#define HAVE_SYS_TYPES_H 1
#define HAVE_SYS_STAT_H 1
#define HAVE_STDLIB_H 1
#define HAVE_STRING_H 1
#define HAVE_MEMORY_H 1
#define HAVE_STRINGS_H 1
#define HAVE_INTTYPES_H 1
#define HAVE_STDINT_H 1
#define HAVE_UNISTD_H 1
#define HAVE_ALLOCA_H 1
#define HAVE_ALLOCA 1
#define HAVE_STDLIB_H 1
#define HAVE_UNISTD_H 1
#define HAVE_GETPAGESIZE 1
#define HAVE_MMAP 1
#define HAVE_ARGZ_H 1
#define HAVE_LIMITS_H 1
#define HAVE_LOCALE_H 1
#define HAVE_NL_TYPES_H 1
#define HAVE_MALLOC_H 1
#define HAVE_STDDEF_H 1
#define HAVE_STDLIB_H 1
#define HAVE_STRING_H 1
#define HAVE_UNISTD_H 1
#define HAVE_SYS_PARAM_H 1
#define HAVE_FEOF_UNLOCKED 1
#define HAVE_FGETS_UNLOCKED 1
#define HAVE_GETCWD 1
#define HAVE_GETEGID 1
#define HAVE_GETEUID 1
#define HAVE_GETGID 1
#define HAVE_GETUID 1
#define HAVE_MEMPCPY 1
#define HAVE_MUNMAP 1
#define HAVE_PUTENV 1
#define HAVE_SETENV 1
#define HAVE_SETLOCALE 1
#define HAVE_STPCPY 1
#define HAVE_STRCHR 1
#define HAVE_STRCASECMP 1
#define HAVE_STRDUP 1
#define HAVE_STRTOUL 1
#define HAVE_TSEARCH 1
#define HAVE___ARGZ_COUNT 1
#define HAVE___ARGZ_STRINGIFY 1
#define HAVE___ARGZ_NEXT 1
#define HAVE_ICONV 1
#define ICONV_CONST 
#define HAVE_LANGINFO_CODESET 1
#define HAVE_LC_MESSAGES 1
#define ENABLE_NLS 1
#define HAVE_GETTEXT 1
#define HAVE_DCGETTEXT 1
#define HAVE_GETOPT_LONG 1
#define HAVE_GETOPT_H 1


configure: exit 0

## ----------------------- ##
## Running config.status.  ##
## ----------------------- ##

This file was extended by config.status 2.52, executed with
  CONFIG_FILES    = 
  CONFIG_HEADERS  = config.h
  CONFIG_LINKS    = 
  CONFIG_COMMANDS = 
  > ./config.status 
on josiah-desktop.pci.local

config.status:5806: creating config.h
config.status:5947: config.h is unchanged
